<?xml version="1.0" encoding="UTF-8"?>
<testsuite name="net.fortuna.ical4j.data.CalendarEqualsTest" time="1.426" tests="75" errors="0" skipped="0" failures="0">
  <properties>
[...]
</properties>
  <testcase name="testCalendarEquals [mansour.ics]" classname="net.fortuna.ical4j.data.CalendarEqualsTest" time="0.001"/>
  <testcase name="testCalendarEquals [calconnect2.ics]" classname="net.fortuna.ical4j.data.CalendarEqualsTest" time="0.028"/>
  <testcase name="testCalendarEquals [calconnect3.ics]" classname="net.fortuna.ical4j.data.CalendarEqualsTest" time="0.03"/>
  <testcase name="testCalendarEquals [canada.ics]" classname="net.fortuna.ical4j.data.CalendarEqualsTest" time="0.01"/>
  <testcase name="testCalendarEquals [oracle-personal-notes-test-empty.ics]" classname="net.fortuna.ical4j.data.CalendarEqualsTest" time="0.003"/>
  <testcase name="testCalendarEquals [OZMovies.ics]" classname="net.fortuna.ical4j.data.CalendarEqualsTest" time="0.072"/>
  <testcase name="testCalendarEquals [korganizer-lowercase.ics]" classname="net.fortuna.ical4j.data.CalendarEqualsTest" time="0.003"/>
  <testcase name="testCalendarEquals [calconnect4.ics]" classname="net.fortuna.ical4j.data.CalendarEqualsTest" time="0.03"/>
  <testcase name="testCalendarEquals [custom_component.ics]" classname="net.fortuna.ical4j.data.CalendarEqualsTest" time="0.001"/>
  <testcase name="testCalendarEquals [sunbird_sample.ics]" classname="net.fortuna.ical4j.data.CalendarEqualsTest" time="0.079"/>
  <testcase name="testCalendarEquals [calconnect5.ics]" classname="net.fortuna.ical4j.data.CalendarEqualsTest" time="0.021"/>
  <testcase name="testCalendarEquals [calconnect7.ics]" classname="net.fortuna.ical4j.data.CalendarEqualsTest" time="0.019"/>
  <testcase name="testCalendarEquals [talios.ics]" classname="net.fortuna.ical4j.data.CalendarEqualsTest" time="0.004"/>
  <testcase name="testCalendarEquals [friday13.ics]" classname="net.fortuna.ical4j.data.CalendarEqualsTest" time="0.003"/>
  <testcase name="testCalendarEquals [tmeher.ics]" classname="net.fortuna.ical4j.data.CalendarEqualsTest" time="0.042"/>
  <testcase name="testCalendarEquals [calconnect6.ics]" classname="net.fortuna.ical4j.data.CalendarEqualsTest" time="0.024"/>
  <testcase name="testCalendarEquals [mathBirthdays.ics]" classname="net.fortuna.ical4j.data.CalendarEqualsTest" time="0.314"/>
  <testcase name="testCalendarEquals [6.ics]" classname="net.fortuna.ical4j.data.CalendarEqualsTest" time="0.003"/>
  <testcase name="testCalendarEquals [7.ics]" classname="net.fortuna.ical4j.data.CalendarEqualsTest" time="0.002"/>
  <testcase name="testCalendarEquals [categories.ics]" classname="net.fortuna.ical4j.data.CalendarEqualsTest" time="0.003"/>
  <testcase name="testCalendarEquals [EXDATE.ics]" classname="net.fortuna.ical4j.data.CalendarEqualsTest" time="0.005"/>
  <testcase name="testCalendarEquals [korganizer.ics]" classname="net.fortuna.ical4j.data.CalendarEqualsTest" time="0.002"/>
  <testcase name="testCalendarEquals [4.ics]" classname="net.fortuna.ical4j.data.CalendarEqualsTest" time="0.003"/>
  <testcase name="testCalendarEquals [friday13-NOT.ics]" classname="net.fortuna.ical4j.data.CalendarEqualsTest" time="0.002"/>
  <testcase name="testCalendarEquals [lotr-updated.ics]" classname="net.fortuna.ical4j.data.CalendarEqualsTest" time="0.013"/>
  <testcase name="testCalendarEquals [bears.ics]" classname="net.fortuna.ical4j.data.CalendarEqualsTest" time="0.01"/>
  <testcase name="testCalendarEquals [3.ics]" classname="net.fortuna.ical4j.data.CalendarEqualsTest" time="0.002"/>
  <testcase name="testCalendarEquals [SwedishHolidays2003-2006.ics]" classname="net.fortuna.ical4j.data.CalendarEqualsTest" time="0.002"/>
  <testcase name="testCalendarEquals [derryn.ics]" classname="net.fortuna.ical4j.data.CalendarEqualsTest" time="0.003"/>
  <testcase name="testCalendarEquals [Australian32Holidays.ics]" classname="net.fortuna.ical4j.data.CalendarEqualsTest" time="0.006"/>
  <testcase name="testCalendarEquals [Christian32Holidays.ics]" classname="net.fortuna.ical4j.data.CalendarEqualsTest" time="0.019"/>
  <testcase name="testCalendarEquals [lotr.ics]" classname="net.fortuna.ical4j.data.CalendarEqualsTest" time="0.012"/>
  <testcase name="testCalendarEquals [rfc5545-sec3.6.6.ics]" classname="net.fortuna.ical4j.data.CalendarEqualsTest" time="0.003"/>
  <testcase name="testCalendarEquals [blalor.ics]" classname="net.fortuna.ical4j.data.CalendarEqualsTest" time="0.005"/>
  <testcase name="testCalendarEquals [evolution.ics]" classname="net.fortuna.ical4j.data.CalendarEqualsTest" time="0.02"/>
  <testcase name="testCalendarEquals [Session6.ics]" classname="net.fortuna.ical4j.data.CalendarEqualsTest" time="0.004"/>
  <testcase name="testCalendarEquals [multiple_calendars.ics]" classname="net.fortuna.ical4j.data.CalendarEqualsTest" time="0.002"/>
  <testcase name="testCalendarEquals [Dryway.ics]" classname="net.fortuna.ical4j.data.CalendarEqualsTest" time="0.011"/>
  <testcase name="testCalendarEquals [Packers.ics]" classname="net.fortuna.ical4j.data.CalendarEqualsTest" time="0.012"/>
  <testcase name="testCalendarEquals [rfc5545-sec3.6.4.ics]" classname="net.fortuna.ical4j.data.CalendarEqualsTest" time="0.003"/>
  <testcase name="testCalendarEquals [rfc5545-sec3.6.5.ics]" classname="net.fortuna.ical4j.data.CalendarEqualsTest" time="0.004"/>
  <testcase name="testCalendarEquals [EstoniaHolidays.ics]" classname="net.fortuna.ical4j.data.CalendarEqualsTest" time="0.059"/>
  <testcase name="testCalendarEquals [1106817412.ics]" classname="net.fortuna.ical4j.data.CalendarEqualsTest" time="0.005"/>
  <testcase name="testCalendarEquals [php-flp.ics]" classname="net.fortuna.ical4j.data.CalendarEqualsTest" time="0.004"/>
  <testcase name="testCalendarEquals [rfc5545-sec3.4.ics]" classname="net.fortuna.ical4j.data.CalendarEqualsTest" time="0.002"/>
  <testcase name="testCalendarEquals [calconnect10.ics]" classname="net.fortuna.ical4j.data.CalendarEqualsTest" time="0.002"/>
  <testcase name="testCalendarEquals [rfc5545-sec3.6.1.ics]" classname="net.fortuna.ical4j.data.CalendarEqualsTest" time="0.005"/>
  <testcase name="testCalendarEquals [oracle-personal-notes-test.ics]" classname="net.fortuna.ical4j.data.CalendarEqualsTest" time="0.003"/>
  <testcase name="testCalendarEquals [japan_west.ics]" classname="net.fortuna.ical4j.data.CalendarEqualsTest" time="0.024"/>
  <testcase name="testCalendarEquals [Belgische32feestdagen.ics]" classname="net.fortuna.ical4j.data.CalendarEqualsTest" time="0.007"/>
  <testcase name="testCalendarEquals [THFC.ics]" classname="net.fortuna.ical4j.data.CalendarEqualsTest" time="0.153"/>
  <testcase name="testCalendarEquals [rfc5545-sec3.6.2.ics]" classname="net.fortuna.ical4j.data.CalendarEqualsTest" time="0.002"/>
  <testcase name="testCalendarEquals [rfc5545-sec3.6.3.ics]" classname="net.fortuna.ical4j.data.CalendarEqualsTest" time="0.003"/>
  <testcase name="testCalendarEquals [ArgentinaHolidays.ics]" classname="net.fortuna.ical4j.data.CalendarEqualsTest" time="0.007"/>
  <testcase name="testCalendarEquals [incoming.ics]" classname="net.fortuna.ical4j.data.CalendarEqualsTest" time="0.001"/>
  <testcase name="testCalendarEquals [calconnect.ics]" classname="net.fortuna.ical4j.data.CalendarEqualsTest" time="0.012"/>
  <testcase name="testCalendarEquals [Misc.History.ics]" classname="net.fortuna.ical4j.data.CalendarEqualsTest" time="0.087"/>
  <testcase name="testCalendarEquals [Standup.ics]" classname="net.fortuna.ical4j.data.CalendarEqualsTest" time="0.004"/>
  <testcase name="testCalendarEquals [miked.ics]" classname="net.fortuna.ical4j.data.CalendarEqualsTest" time="0.008"/>
  <testcase name="testCalendarEquals [New Years Day.ics]" classname="net.fortuna.ical4j.data.CalendarEqualsTest" time="0.007"/>
  <testcase name="testCalendarEquals [calconnect8.ics]" classname="net.fortuna.ical4j.data.CalendarEqualsTest" time="0.017"/>
  <testcase name="testCalendarEquals [rfc5545-sec4.4.ics]" classname="net.fortuna.ical4j.data.CalendarEqualsTest" time="0.002"/>
  <testcase name="testCalendarEquals [korganizer_sample.ics]" classname="net.fortuna.ical4j.data.CalendarEqualsTest" time="0.003"/>
  <testcase name="testCalendarEquals [afl2004.ics]" classname="net.fortuna.ical4j.data.CalendarEqualsTest" time="0.036"/>
  <testcase name="testCalendarEquals [rfc5545-sec4.5.ics]" classname="net.fortuna.ical4j.data.CalendarEqualsTest" time="0.004"/>
  <testcase name="testCalendarEquals [calconnect9.ics]" classname="net.fortuna.ical4j.data.CalendarEqualsTest" time="0.016"/>
  <testcase name="testCalendarEquals [rfc5545-sec4.1.ics]" classname="net.fortuna.ical4j.data.CalendarEqualsTest" time="0.002"/>
  <testcase name="testCalendarEquals [BCP321928.ics]" classname="net.fortuna.ical4j.data.CalendarEqualsTest" time="0.066"/>
  <testcase name="testCalendarEquals [classify.ics]" classname="net.fortuna.ical4j.data.CalendarEqualsTest" time="0.002"/>
  <testcase name="testCalendarEquals [2207678.ics]" classname="net.fortuna.ical4j.data.CalendarEqualsTest" time="0.002"/>
  <testcase name="testCalendarEquals [Australian_TV_Melbourne.ics]" classname="net.fortuna.ical4j.data.CalendarEqualsTest" time="0.018"/>
  <testcase name="testCalendarEquals [rfc5545-sec4.2.ics]" classname="net.fortuna.ical4j.data.CalendarEqualsTest" time="0.002"/>
  <testcase name="testCalendarEquals [Earth32Seasons.ics]" classname="net.fortuna.ical4j.data.CalendarEqualsTest" time="0.021"/>
  <testcase name="testCalendarEquals [rfc5545-sec4.3.ics]" classname="net.fortuna.ical4j.data.CalendarEqualsTest" time="0.002"/>
  <testcase name="testCalendarEquals [Buddhist.ics]" classname="net.fortuna.ical4j.data.CalendarEqualsTest" time="0.003"/>
</testsuite>