<?xml version="1.0" encoding="UTF-8"?>
<testsuite name="net.fortuna.ical4j.data.CalendarBuilderTest" time="1.094" tests="94" errors="0" skipped="0" failures="0">
  <properties>
[...]
</properties>
  <testcase name="testBuildValid [etc/samples/valid/mansour.ics]" classname="net.fortuna.ical4j.data.CalendarBuilderTest" time="0.001"/>
  <testcase name="testBuildValid [etc/samples/valid/calconnect2.ics]" classname="net.fortuna.ical4j.data.CalendarBuilderTest" time="0.006"/>
  <testcase name="testBuildValid [etc/samples/valid/calconnect3.ics]" classname="net.fortuna.ical4j.data.CalendarBuilderTest" time="0.003"/>
  <testcase name="testBuildValid [etc/samples/valid/canada.ics]" classname="net.fortuna.ical4j.data.CalendarBuilderTest" time="0.005"/>
  <testcase name="testBuildValid [etc/samples/valid/oracle-personal-notes-test-empty.ics]" classname="net.fortuna.ical4j.data.CalendarBuilderTest" time="0"/>
  <testcase name="testBuildValid [etc/samples/valid/OZMovies.ics]" classname="net.fortuna.ical4j.data.CalendarBuilderTest" time="0.036"/>
  <testcase name="testBuildValid [etc/samples/valid/korganizer-lowercase.ics]" classname="net.fortuna.ical4j.data.CalendarBuilderTest" time="0"/>
  <testcase name="testBuildValid [etc/samples/valid/calconnect4.ics]" classname="net.fortuna.ical4j.data.CalendarBuilderTest" time="0.005"/>
  <testcase name="testBuildValid [etc/samples/valid/custom_component.ics]" classname="net.fortuna.ical4j.data.CalendarBuilderTest" time="0.001"/>
  <testcase name="testBuildValid [etc/samples/valid/sunbird_sample.ics]" classname="net.fortuna.ical4j.data.CalendarBuilderTest" time="0.026"/>
  <testcase name="testBuildValid [etc/samples/valid/calconnect5.ics]" classname="net.fortuna.ical4j.data.CalendarBuilderTest" time="0.004"/>
  <testcase name="testBuildValid [etc/samples/valid/calconnect7.ics]" classname="net.fortuna.ical4j.data.CalendarBuilderTest" time="0.004"/>
  <testcase name="testBuildValid [etc/samples/valid/talios.ics]" classname="net.fortuna.ical4j.data.CalendarBuilderTest" time="0.001"/>
  <testcase name="testBuildValid [etc/samples/valid/friday13.ics]" classname="net.fortuna.ical4j.data.CalendarBuilderTest" time="0.001"/>
  <testcase name="testBuildValid [etc/samples/valid/tmeher.ics]" classname="net.fortuna.ical4j.data.CalendarBuilderTest" time="0.012"/>
  <testcase name="testBuildValid [etc/samples/valid/calconnect6.ics]" classname="net.fortuna.ical4j.data.CalendarBuilderTest" time="0.005"/>
  <testcase name="testBuildValid [etc/samples/valid/mathBirthdays.ics]" classname="net.fortuna.ical4j.data.CalendarBuilderTest" time="0.264"/>
  <testcase name="testBuildValid [etc/samples/valid/6.ics]" classname="net.fortuna.ical4j.data.CalendarBuilderTest" time="0.011"/>
  <testcase name="testBuildValid [etc/samples/valid/7.ics]" classname="net.fortuna.ical4j.data.CalendarBuilderTest" time="0"/>
  <testcase name="testBuildValid [etc/samples/valid/categories.ics]" classname="net.fortuna.ical4j.data.CalendarBuilderTest" time="0"/>
  <testcase name="testBuildValid [etc/samples/valid/EXDATE.ics]" classname="net.fortuna.ical4j.data.CalendarBuilderTest" time="0"/>
  <testcase name="testBuildValid [etc/samples/valid/korganizer.ics]" classname="net.fortuna.ical4j.data.CalendarBuilderTest" time="0"/>
  <testcase name="testBuildValid [etc/samples/valid/4.ics]" classname="net.fortuna.ical4j.data.CalendarBuilderTest" time="0"/>
  <testcase name="testBuildValid [etc/samples/valid/friday13-NOT.ics]" classname="net.fortuna.ical4j.data.CalendarBuilderTest" time="0"/>
  <testcase name="testBuildValid [etc/samples/valid/lotr-updated.ics]" classname="net.fortuna.ical4j.data.CalendarBuilderTest" time="0.01"/>
  <testcase name="testBuildValid [etc/samples/valid/bears.ics]" classname="net.fortuna.ical4j.data.CalendarBuilderTest" time="0"/>
  <testcase name="testBuildValid [etc/samples/valid/3.ics]" classname="net.fortuna.ical4j.data.CalendarBuilderTest" time="0"/>
  <testcase name="testBuildValid [etc/samples/valid/SwedishHolidays2003-2006.ics]" classname="net.fortuna.ical4j.data.CalendarBuilderTest" time="0"/>
  <testcase name="testBuildValid [etc/samples/valid/derryn.ics]" classname="net.fortuna.ical4j.data.CalendarBuilderTest" time="0"/>
  <testcase name="testBuildValid [etc/samples/valid/Australian32Holidays.ics]" classname="net.fortuna.ical4j.data.CalendarBuilderTest" time="0.001"/>
  <testcase name="testBuildValid [etc/samples/valid/Christian32Holidays.ics]" classname="net.fortuna.ical4j.data.CalendarBuilderTest" time="0.006"/>
  <testcase name="testBuildValid [etc/samples/valid/lotr.ics]" classname="net.fortuna.ical4j.data.CalendarBuilderTest" time="0.011"/>
  <testcase name="testBuildValid [etc/samples/valid/rfc5545-sec3.6.6.ics]" classname="net.fortuna.ical4j.data.CalendarBuilderTest" time="0"/>
  <testcase name="testBuildValid [etc/samples/valid/blalor.ics]" classname="net.fortuna.ical4j.data.CalendarBuilderTest" time="0.001"/>
  <testcase name="testBuildValid [etc/samples/valid/evolution.ics]" classname="net.fortuna.ical4j.data.CalendarBuilderTest" time="0.004"/>
  <testcase name="testBuildValid [etc/samples/valid/Session6.ics]" classname="net.fortuna.ical4j.data.CalendarBuilderTest" time="0.002"/>
  <testcase name="testBuildValid [etc/samples/valid/multiple_calendars.ics]" classname="net.fortuna.ical4j.data.CalendarBuilderTest" time="0"/>
  <testcase name="testBuildValid [etc/samples/valid/Dryway.ics]" classname="net.fortuna.ical4j.data.CalendarBuilderTest" time="0.006"/>
  <testcase name="testBuildValid [etc/samples/valid/Packers.ics]" classname="net.fortuna.ical4j.data.CalendarBuilderTest" time="0.009"/>
  <testcase name="testBuildValid [etc/samples/valid/rfc5545-sec3.6.4.ics]" classname="net.fortuna.ical4j.data.CalendarBuilderTest" time="0.001"/>
  <testcase name="testBuildValid [etc/samples/valid/rfc5545-sec3.6.5.ics]" classname="net.fortuna.ical4j.data.CalendarBuilderTest" time="0.006"/>
  <testcase name="testBuildValid [etc/samples/valid/EstoniaHolidays.ics]" classname="net.fortuna.ical4j.data.CalendarBuilderTest" time="0.039"/>
  <testcase name="testBuildValid [etc/samples/valid/1106817412.ics]" classname="net.fortuna.ical4j.data.CalendarBuilderTest" time="0.001"/>
  <testcase name="testBuildValid [etc/samples/valid/php-flp.ics]" classname="net.fortuna.ical4j.data.CalendarBuilderTest" time="0.001"/>
  <testcase name="testBuildValid [etc/samples/valid/rfc5545-sec3.4.ics]" classname="net.fortuna.ical4j.data.CalendarBuilderTest" time="0.001"/>
  <testcase name="testBuildValid [etc/samples/valid/calconnect10.ics]" classname="net.fortuna.ical4j.data.CalendarBuilderTest" time="0"/>
  <testcase name="testBuildValid [etc/samples/valid/rfc5545-sec3.6.1.ics]" classname="net.fortuna.ical4j.data.CalendarBuilderTest" time="0.001"/>
  <testcase name="testBuildValid [etc/samples/valid/oracle-personal-notes-test.ics]" classname="net.fortuna.ical4j.data.CalendarBuilderTest" time="0.001"/>
  <testcase name="testBuildValid [etc/samples/valid/japan_west.ics]" classname="net.fortuna.ical4j.data.CalendarBuilderTest" time="0.013"/>
  <testcase name="testBuildValid [etc/samples/valid/Belgische32feestdagen.ics]" classname="net.fortuna.ical4j.data.CalendarBuilderTest" time="0.003"/>
  <testcase name="testBuildValid [etc/samples/valid/THFC.ics]" classname="net.fortuna.ical4j.data.CalendarBuilderTest" time="0.033"/>
  <testcase name="testBuildValid [etc/samples/valid/rfc5545-sec3.6.2.ics]" classname="net.fortuna.ical4j.data.CalendarBuilderTest" time="0.002"/>
  <testcase name="testBuildValid [etc/samples/valid/rfc5545-sec3.6.3.ics]" classname="net.fortuna.ical4j.data.CalendarBuilderTest" time="0"/>
  <testcase name="testBuildValid [etc/samples/valid/ArgentinaHolidays.ics]" classname="net.fortuna.ical4j.data.CalendarBuilderTest" time="0.004"/>
  <testcase name="testBuildValid [etc/samples/valid/incoming.ics]" classname="net.fortuna.ical4j.data.CalendarBuilderTest" time="0.001"/>
  <testcase name="testBuildValid [etc/samples/valid/calconnect.ics]" classname="net.fortuna.ical4j.data.CalendarBuilderTest" time="0.007"/>
  <testcase name="testBuildValid [etc/samples/valid/Misc.History.ics]" classname="net.fortuna.ical4j.data.CalendarBuilderTest" time="0.067"/>
  <testcase name="testBuildValid [etc/samples/valid/Standup.ics]" classname="net.fortuna.ical4j.data.CalendarBuilderTest" time="0.003"/>
  <testcase name="testBuildValid [etc/samples/valid/miked.ics]" classname="net.fortuna.ical4j.data.CalendarBuilderTest" time="0.004"/>
  <testcase name="testBuildValid [etc/samples/valid/New Years Day.ics]" classname="net.fortuna.ical4j.data.CalendarBuilderTest" time="0.005"/>
  <testcase name="testBuildValid [etc/samples/valid/calconnect8.ics]" classname="net.fortuna.ical4j.data.CalendarBuilderTest" time="0.008"/>
  <testcase name="testBuildValid [etc/samples/valid/rfc5545-sec4.4.ics]" classname="net.fortuna.ical4j.data.CalendarBuilderTest" time="0.001"/>
  <testcase name="testBuildValid [etc/samples/valid/korganizer_sample.ics]" classname="net.fortuna.ical4j.data.CalendarBuilderTest" time="0.001"/>
  <testcase name="testBuildValid [etc/samples/valid/afl2004.ics]" classname="net.fortuna.ical4j.data.CalendarBuilderTest" time="0.03"/>
  <testcase name="testBuildValid [etc/samples/valid/rfc5545-sec4.5.ics]" classname="net.fortuna.ical4j.data.CalendarBuilderTest" time="0"/>
  <testcase name="testBuildValid [etc/samples/valid/calconnect9.ics]" classname="net.fortuna.ical4j.data.CalendarBuilderTest" time="0.01"/>
  <testcase name="testBuildValid [etc/samples/valid/rfc5545-sec4.1.ics]" classname="net.fortuna.ical4j.data.CalendarBuilderTest" time="0.001"/>
  <testcase name="testBuildValid [etc/samples/valid/BCP321928.ics]" classname="net.fortuna.ical4j.data.CalendarBuilderTest" time="0.06"/>
  <testcase name="testBuildValid [etc/samples/valid/classify.ics]" classname="net.fortuna.ical4j.data.CalendarBuilderTest" time="0.001"/>
  <testcase name="testBuildValid [etc/samples/valid/2207678.ics]" classname="net.fortuna.ical4j.data.CalendarBuilderTest" time="0.001"/>
  <testcase name="testBuildValid [etc/samples/valid/Australian_TV_Melbourne.ics]" classname="net.fortuna.ical4j.data.CalendarBuilderTest" time="0.008"/>
  <testcase name="testBuildValid [etc/samples/valid/rfc5545-sec4.2.ics]" classname="net.fortuna.ical4j.data.CalendarBuilderTest" time="0.001"/>
  <testcase name="testBuildValid [etc/samples/valid/Earth32Seasons.ics]" classname="net.fortuna.ical4j.data.CalendarBuilderTest" time="0.009"/>
  <testcase name="testBuildValid [etc/samples/valid/rfc5545-sec4.3.ics]" classname="net.fortuna.ical4j.data.CalendarBuilderTest" time="0.001"/>
  <testcase name="testBuildValid [etc/samples/valid/Buddhist.ics]" classname="net.fortuna.ical4j.data.CalendarBuilderTest" time="0.002"/>
  <testcase name="testBuildInvalid [etc/samples/invalid/overlaps.ics]" classname="net.fortuna.ical4j.data.CalendarBuilderTest" time="0.001"/>
  <testcase name="testBuildInvalid [etc/samples/invalid/eli_test.ics]" classname="net.fortuna.ical4j.data.CalendarBuilderTest" time="0.272"/>
  <testcase name="testBuildInvalid [etc/samples/invalid/13-MoonPhase.ics]" classname="net.fortuna.ical4j.data.CalendarBuilderTest" time="0.003"/>
  <testcase name="testBuildInvalid [etc/samples/invalid/0.ics]" classname="net.fortuna.ical4j.data.CalendarBuilderTest" time="0.002"/>
  <testcase name="testBuildInvalid [etc/samples/invalid/core.ics]" classname="net.fortuna.ical4j.data.CalendarBuilderTest" time="0.018"/>
  <testcase name="testBuildInvalid [etc/samples/invalid/twinkle.ics]" classname="net.fortuna.ical4j.data.CalendarBuilderTest" time="0.003"/>
  <testcase name="testBuildInvalid [etc/samples/invalid/CalendarDataFile.ics]" classname="net.fortuna.ical4j.data.CalendarBuilderTest" time="0.002"/>
  <testcase name="testBuildInvalid [etc/samples/invalid/multiple_calendars.ics]" classname="net.fortuna.ical4j.data.CalendarBuilderTest" time="0.002"/>
  <testcase name="testBuildInvalid [etc/samples/invalid/smallcluster.ics]" classname="net.fortuna.ical4j.data.CalendarBuilderTest" time="0.001"/>
  <testcase name="testBuildInvalid [etc/samples/invalid/groupwise.ics]" classname="net.fortuna.ical4j.data.CalendarBuilderTest" time="0.001"/>
  <testcase name="testBuildInvalid [etc/samples/invalid/calconnect.ics]" classname="net.fortuna.ical4j.data.CalendarBuilderTest" time="0.005"/>
  <testcase name="testBuildInvalid [etc/samples/invalid/eli_courtwright.ics]" classname="net.fortuna.ical4j.data.CalendarBuilderTest" time="0.002"/>
  <testcase name="testBuildInvalid [etc/samples/invalid/phpicalendar_sample.ics]" classname="net.fortuna.ical4j.data.CalendarBuilderTest" time="0.002"/>
  <testcase name="testBuildInvalid [etc/samples/invalid/google_aus_holidays.ics]" classname="net.fortuna.ical4j.data.CalendarBuilderTest" time="0.002"/>
  <testcase name="testBuildInvalid [etc/samples/invalid/twinkle_orig.ics]" classname="net.fortuna.ical4j.data.CalendarBuilderTest" time="0.003"/>
  <testcase name="testBuildInvalid [etc/samples/invalid/schedule-unstable.ics]" classname="net.fortuna.ical4j.data.CalendarBuilderTest" time="0.003"/>
  <testcase name="testBuildInvalid [etc/samples/invalid/zidestoreical4jbomb.ics]" classname="net.fortuna.ical4j.data.CalendarBuilderTest" time="0.002"/>
  <testcase name="testBuildInvalid [etc/samples/invalid/lastfm.ics]" classname="net.fortuna.ical4j.data.CalendarBuilderTest" time="0.006"/>
  <testcase name="testBuildInvalid [etc/samples/invalid/boeing.ics]" classname="net.fortuna.ical4j.data.CalendarBuilderTest" time="0.002"/>
</testsuite>